<?xml version="1.0" encoding="UTF-8"?>
<!-- Generated by org.testng.reporters.JUnitXMLReporter -->
<testsuite hostname="DESKTOP-90TM9QP" ignored="0" name="Surefire test" tests="4" failures="0" timestamp="2019-11-28T13:52:55 COT" time="81.942" errors="0">
  <testcase name="AlterLogin" time="10.336" classname="tests.TestMercury"/>
  <testcase name="fillForm" time="14.472" classname="tests.TestMercury"/>
  <testcase name="login" time="10.891" classname="tests.TestMercury"/>
  <testcase name="loginIncorrecto" time="8.531" classname="tests.TestMercury"/>
</testsuite> <!-- Surefire test -->
