<?xml version="1.0" encoding="UTF-8"?>
<testsuite xmlns:xsi="http://www.w3.org/2001/XMLSchema-instance" xsi:noNamespaceSchemaLocation="https://maven.apache.org/surefire/maven-surefire-plugin/xsd/surefire-test-report-3.0.xsd" version="3.0" name="tests.TestMercury" time="82.53" tests="4" errors="0" skipped="0" failures="0">
  <properties>
[...]
</properties>
  <testcase name="AlterLogin" classname="tests.TestMercury" time="10.337"/>
  <testcase name="fillForm" classname="tests.TestMercury" time="14.472"/>
  <testcase name="login" classname="tests.TestMercury" time="10.891"/>
  <testcase name="loginIncorrecto" classname="tests.TestMercury" time="8.532"/>
</testsuite>